19 ms - 2,000 items
12 ms - 2,000 items
12 ms - 2,000 items
12 ms - 2,000 items
12 ms - 2,000 items
12 ms - 2,000 items
9 ms - 2,000 items
10 ms - 2,000 items
9 ms - 2,000 items
10 ms - 2,000 items
10 ms - 2,000 items
202 ms - 20,000 items
199 ms - 20,000 items
197 ms - 20,000 items
199 ms - 20,000 items
353 ms - 20,000 items
354 ms - 20,000 items
354 ms - 20,000 items
353 ms - 20,000 items
353 ms - 20,000 items
198 ms - 20,000 items
197 ms - 20,000 items
19069 ms - 200,000 items
195 ms - 20,000 items
